# JRE version: Java(TM) SE Runtime Environment (8.0_73-b02) (build 1.8.0_73-b02)
# Java VM: Java HotSpot(TM) 64-Bit Server VM (25.73-b02 mixed mode windows-amd64 compressed oops)
Heap:
 PSYoungGen      total 816128K, used 730708K [0x000000076bb80000, 0x00000007bb980000, 0x00000007c0000000)
  eden space 355840K, 100% used [0x000000076bb80000,0x0000000781700000,0x0000000781700000)
  from space 460288K, 81% used [0x000000079d880000,0x00000007b4695180,0x00000007b9a00000)
  to   space 460288K, 3% used [0x0000000781700000,0x00000007827c0000,0x000000079d880000)
 ParOldGen       total 2697728K, used 1920881K [0x00000006c3200000, 0x0000000767c80000, 0x000000076bb80000)
  object space 2697728K, 71% used [0x00000006c3200000,0x00000007385dc4a8,0x0000000767c80000)
 Metaspace       used 3570K, capacity 4564K, committed 4864K, reserved 1056768K
  class space    used 385K, capacity 388K, committed 512K, reserved 1048576K
GC Heap History (10 events):
Event: 54.781 GC heap after
Heap after GC invocations=14 (full 5):
 PSYoungGen      total 667648K, used 254215K [0x000000076bb80000, 0x00000007b5080000, 0x00000007c0000000)
  eden space 207360K, 0% used [0x000000076bb80000,0x000000076bb80000,0x0000000778600000)
  from space 460288K, 55% used [0x0000000778600000,0x0000000787e41e00,0x0000000794780000)
  to   space 460288K, 0% used [0x0000000798f00000,0x0000000798f00000,0x00000007b5080000)
 ParOldGen       total 1876480K, used 1243137K [0x00000006c3200000, 0x0000000735a80000, 0x000000076bb80000)
  object space 1876480K, 66% used [0x00000006c3200000,0x000000070f000690,0x0000000735a80000)
 Metaspace       used 3570K, capacity 4564K, committed 4864K, reserved 1056768K
  class space    used 385K, capacity 388K, committed 512K, reserved 1048576K
}
Event: 54.999 GC heap before
{Heap before GC invocations=15 (full 5):
 PSYoungGen      total 667648K, used 461575K [0x000000076bb80000, 0x00000007b5080000, 0x00000007c0000000)
  eden space 207360K, 100% used [0x000000076bb80000,0x0000000778600000,0x0000000778600000)
  from space 460288K, 55% used [0x0000000778600000,0x0000000787e41e00,0x0000000794780000)
  to   space 460288K, 0% used [0x0000000798f00000,0x0000000798f00000,0x00000007b5080000)
 ParOldGen       total 1876480K, used 1243137K [0x00000006c3200000, 0x0000000735a80000, 0x000000076bb80000)
  object space 1876480K, 66% used [0x00000006c3200000,0x000000070f000690,0x0000000735a80000)
 Metaspace       used 3570K, capacity 4564K, committed 4864K, reserved 1056768K
  class space    used 385K, capacity 388K, committed 512K, reserved 1048576K
Event: 56.247 GC heap after
Heap after GC invocations=15 (full 5):
 PSYoungGen      total 726016K, used 460288K [0x000000076bb80000, 0x00000007b5080000, 0x00000007c0000000)
  eden space 265728K, 0% used [0x000000076bb80000,0x000000076bb80000,0x000000077bf00000)
  from space 460288K, 100% used [0x0000000798f00000,0x00000007b5080000,0x00000007b5080000)
  to   space 460288K, 0% used [0x000000077cd80000,0x000000077cd80000,0x0000000798f00000)
 ParOldGen       total 1876480K, used 1244929K [0x00000006c3200000, 0x0000000735a80000, 0x000000076bb80000)
  object space 1876480K, 66% used [0x00000006c3200000,0x000000070f1c0690,0x0000000735a80000)
 Metaspace       used 3570K, capacity 4564K, committed 4864K, reserved 1056768K
  class space    used 385K, capacity 388K, committed 512K, reserved 1048576K
}
Event: 56.521 GC heap before
{Heap before GC invocations=16 (full 5):
 PSYoungGen      total 726016K, used 726016K [0x000000076bb80000, 0x00000007b5080000, 0x00000007c0000000)
  eden space 265728K, 100% used [0x000000076bb80000,0x000000077bf00000,0x000000077bf00000)
  from space 460288K, 100% used [0x0000000798f00000,0x00000007b5080000,0x00000007b5080000)
  to   space 460288K, 0% used [0x000000077cd80000,0x000000077cd80000,0x0000000798f00000)
 ParOldGen       total 1876480K, used 1244929K [0x00000006c3200000, 0x0000000735a80000, 0x000000076bb80000)
  object space 1876480K, 66% used [0x00000006c3200000,0x000000070f1c0690,0x0000000735a80000)
 Metaspace       used 3570K, capacity 4564K, committed 4864K, reserved 1056768K
  class space    used 385K, capacity 388K, committed 512K, reserved 1048576K
Event: 58.183 GC heap after
Heap after GC invocations=16 (full 5):
 PSYoungGen      total 740864K, used 460288K [0x000000076bb80000, 0x00000007b9a00000, 0x00000007c0000000)
  eden space 280576K, 0% used [0x000000076bb80000,0x000000076bb80000,0x000000077cd80000)
  from space 460288K, 100% used [0x000000077cd80000,0x0000000798f00000,0x0000000798f00000)
  to   space 460288K, 0% used [0x000000079d880000,0x000000079d880000,0x00000007b9a00000)
 ParOldGen       total 1876480K, used 1511737K [0x00000006c3200000, 0x0000000735a80000, 0x000000076bb80000)
  object space 1876480K, 80% used [0x00000006c3200000,0x000000071f64e690,0x0000000735a80000)
 Metaspace       used 3570K, capacity 4564K, committed 4864K, reserved 1056768K
  class space    used 385K, capacity 388K, committed 512K, reserved 1048576K
}
Event: 58.469 GC heap before
{Heap before GC invocations=17 (full 5):
 PSYoungGen      total 740864K, used 740864K [0x000000076bb80000, 0x00000007b9a00000, 0x00000007c0000000)
  eden space 280576K, 100% used [0x000000076bb80000,0x000000077cd80000,0x000000077cd80000)
  from space 460288K, 100% used [0x000000077cd80000,0x0000000798f00000,0x0000000798f00000)
  to   space 460288K, 0% used [0x000000079d880000,0x000000079d880000,0x00000007b9a00000)
 ParOldGen       total 1876480K, used 1511737K [0x00000006c3200000, 0x0000000735a80000, 0x000000076bb80000)
  object space 1876480K, 80% used [0x00000006c3200000,0x000000071f64e690,0x0000000735a80000)
 Metaspace       used 3570K, capacity 4564K, committed 4864K, reserved 1056768K
  class space    used 385K, capacity 388K, committed 512K, reserved 1048576K
Event: 60.151 GC heap after
Heap after GC invocations=17 (full 5):
 PSYoungGen      total 816128K, used 460288K [0x000000076bb80000, 0x00000007bb980000, 0x00000007c0000000)
  eden space 355840K, 0% used [0x000000076bb80000,0x000000076bb80000,0x0000000781700000)
  from space 460288K, 100% used [0x000000079d880000,0x00000007b9a00000,0x00000007b9a00000)
  to   space 460288K, 0% used [0x0000000781700000,0x0000000781700000,0x000000079d880000)
 ParOldGen       total 1876480K, used 1793425K [0x00000006c3200000, 0x0000000735a80000, 0x000000076bb80000)
  object space 1876480K, 95% used [0x00000006c3200000,0x0000000730964690,0x0000000735a80000)
 Metaspace       used 3570K, capacity 4564K, committed 4864K, reserved 1056768K
  class space    used 385K, capacity 388K, committed 512K, reserved 1048576K
}
Event: 60.152 GC heap before
{Heap before GC invocations=18 (full 6):
 PSYoungGen      total 816128K, used 460288K [0x000000076bb80000, 0x00000007bb980000, 0x00000007c0000000)
  eden space 355840K, 0% used [0x000000076bb80000,0x000000076bb80000,0x0000000781700000)
  from space 460288K, 100% used [0x000000079d880000,0x00000007b9a00000,0x00000007b9a00000)
  to   space 460288K, 0% used [0x0000000781700000,0x0000000781700000,0x000000079d880000)
 ParOldGen       total 1876480K, used 1793425K [0x00000006c3200000, 0x0000000735a80000, 0x000000076bb80000)
  object space 1876480K, 95% used [0x00000006c3200000,0x0000000730964690,0x0000000735a80000)
 Metaspace       used 3570K, capacity 4564K, committed 4864K, reserved 1056768K
  class space    used 385K, capacity 388K, committed 512K, reserved 1048576K
Event: 73.828 GC heap after
Heap after GC invocations=18 (full 6):
 PSYoungGen      total 816128K, used 374868K [0x000000076bb80000, 0x00000007bb980000, 0x00000007c0000000)
  eden space 355840K, 0% used [0x000000076bb80000,0x000000076bb80000,0x0000000781700000)
  from space 460288K, 81% used [0x000000079d880000,0x00000007b4695180,0x00000007b9a00000)
  to   space 460288K, 0% used [0x0000000781700000,0x0000000781700000,0x000000079d880000)
 ParOldGen       total 2697728K, used 1876145K [0x00000006c3200000, 0x0000000767c80000, 0x000000076bb80000)
  object space 2697728K, 69% used [0x00000006c3200000,0x0000000735a2c4a8,0x0000000767c80000)
 Metaspace       used 3570K, capacity 4564K, committed 4864K, reserved 1056768K
  class space    used 385K, capacity 388K, committed 512K, reserved 1048576K
}
Event: 74.190 GC heap before
{Heap before GC invocations=19 (full 6):
 PSYoungGen      total 816128K, used 730708K [0x000000076bb80000, 0x00000007bb980000, 0x00000007c0000000)
  eden space 355840K, 100% used [0x000000076bb80000,0x0000000781700000,0x0000000781700000)
  from space 460288K, 81% used [0x000000079d880000,0x00000007b4695180,0x00000007b9a00000)
  to   space 460288K, 0% used [0x0000000781700000,0x0000000781700000,0x000000079d880000)
 ParOldGen       total 2697728K, used 1876145K [0x00000006c3200000, 0x0000000767c80000, 0x000000076bb80000)
  object space 2697728K, 69% used [0x00000006c3200000,0x0000000735a2c4a8,0x0000000767c80000)
 Metaspace       used 3570K, capacity 4564K, committed 4864K, reserved 1056768K
  class space    used 385K, capacity 388K, committed 512K, reserved 1048576K

